Determining if the pthread_create exist failed with the following output:
Change Dir: /home/juan/Escritorio/Meat_Starto/bin/CMakeFiles/CMakeTmp

Run Build Command(s):/usr/bin/make cmTC_f398e/fast 
/usr/bin/make -f CMakeFiles/cmTC_f398e.dir/build.make CMakeFiles/cmTC_f398e.dir/build
make[1]: se entra en el directorio '/home/juan/Escritorio/Meat_Starto/bin/CMakeFiles/CMakeTmp'
Building C object CMakeFiles/cmTC_f398e.dir/CheckSymbolExists.c.o
/usr/bin/cc    -o CMakeFiles/cmTC_f398e.dir/CheckSymbolExists.c.o   -c /home/juan/Escritorio/Meat_Starto/bin/CMakeFiles/CMakeTmp/CheckSymbolExists.c
Linking C executable cmTC_f398e
/usr/bin/cmake -E cmake_link_script CMakeFiles/cmTC_f398e.dir/link.txt --verbose=1
/usr/bin/cc      -rdynamic CMakeFiles/cmTC_f398e.dir/CheckSymbolExists.c.o  -o cmTC_f398e 
/usr/bin/ld: CMakeFiles/cmTC_f398e.dir/CheckSymbolExists.c.o: en la función `main':
CheckSymbolExists.c:(.text+0x1b): referencia a `pthread_create' sin definir
collect2: error: ld devolvió el estado de salida 1
make[1]: *** [CMakeFiles/cmTC_f398e.dir/build.make:87: cmTC_f398e] Error 1
make[1]: se sale del directorio '/home/juan/Escritorio/Meat_Starto/bin/CMakeFiles/CMakeTmp'
make: *** [Makefile:121: cmTC_f398e/fast] Error 2

File /home/juan/Escritorio/Meat_Starto/bin/CMakeFiles/CMakeTmp/CheckSymbolExists.c:
/* */
#include <pthread.h>

int main(int argc, char** argv)
{
  (void)argv;
#ifndef pthread_create
  return ((int*)(&pthread_create))[argc];
#else
  (void)argc;
  return 0;
#endif
}

Determining if the function pthread_create exists in the pthreads failed with the following output:
Change Dir: /home/juan/Escritorio/Meat_Starto/bin/CMakeFiles/CMakeTmp

Run Build Command(s):/usr/bin/make cmTC_7a522/fast 
/usr/bin/make -f CMakeFiles/cmTC_7a522.dir/build.make CMakeFiles/cmTC_7a522.dir/build
make[1]: se entra en el directorio '/home/juan/Escritorio/Meat_Starto/bin/CMakeFiles/CMakeTmp'
Building C object CMakeFiles/cmTC_7a522.dir/CheckFunctionExists.c.o
/usr/bin/cc   -DCHECK_FUNCTION_EXISTS=pthread_create   -o CMakeFiles/cmTC_7a522.dir/CheckFunctionExists.c.o   -c /usr/share/cmake-3.14/Modules/CheckFunctionExists.c
Linking C executable cmTC_7a522
/usr/bin/cmake -E cmake_link_script CMakeFiles/cmTC_7a522.dir/link.txt --verbose=1
/usr/bin/cc  -DCHECK_FUNCTION_EXISTS=pthread_create    -rdynamic CMakeFiles/cmTC_7a522.dir/CheckFunctionExists.c.o  -o cmTC_7a522 -lpthreads 
/usr/bin/ld: no se puede encontrar -lpthreads
collect2: error: ld devolvió el estado de salida 1
make[1]: *** [CMakeFiles/cmTC_7a522.dir/build.make:87: cmTC_7a522] Error 1
make[1]: se sale del directorio '/home/juan/Escritorio/Meat_Starto/bin/CMakeFiles/CMakeTmp'
make: *** [Makefile:121: cmTC_7a522/fast] Error 2


